[debug] [2021-04-13T18:13:08.236Z] ----------------------------------------------------------------------
[debug] [2021-04-13T18:13:08.239Z] Command:       C:\Program Files\nodejs\node.exe C:\Program Files\nodejs\node_modules\firebase-tools\lib\bin\firebase.js init
[debug] [2021-04-13T18:13:08.239Z] CLI Version:   9.9.0
[debug] [2021-04-13T18:13:08.239Z] Platform:      win32
[debug] [2021-04-13T18:13:08.239Z] Node Version:  v14.16.1
[debug] [2021-04-13T18:13:08.240Z] Time:          Tue Apr 13 2021 11:13:08 GMT-0700 (Pacific Daylight Time)
[debug] [2021-04-13T18:13:08.240Z] ----------------------------------------------------------------------
[debug] 
[debug] [2021-04-13T18:13:08.245Z] > command requires scopes: ["email","openid","https://www.googleapis.com/auth/cloudplatformprojects.readonly","https://www.googleapis.com/auth/firebase","https://www.googleapis.com/auth/cloud-platform"]
[debug] [2021-04-13T18:13:08.245Z] > authorizing via signed-in user (reactexpertz4@gmail.com)
[info] 
     ######## #### ########  ######## ########     ###     ######  ########
     ##        ##  ##     ## ##       ##     ##  ##   ##  ##       ##
     ######    ##  ########  ######   ########  #########  ######  ######
     ##        ##  ##    ##  ##       ##     ## ##     ##       ## ##
     ##       #### ##     ## ######## ########  ##     ##  ######  ########

You're about to initialize a Firebase project in this directory:

  E:\All=Work\Jenkins\jenkins

[info] 
=== Project Setup
[info] 
[info] First, let's associate this project directory with a Firebase project.
[info] You can create multiple project aliases by running firebase use --add, 
[info] but for now we'll just set up a default project.
[info] 
[info] i  If you want to create a project in a Google Cloud organization or folder, please use "firebase projects:create" instead, and return to this command when you've created the project. 
